生成启动时间为 2014/11/19 20:29:42。
     1>项目“E:\工作文档\语言项目\gits\yeyin\Invitation_of_Crimson_Moon\Invitation_of_Crimson_Moon\Invitation_of_Crimson_Moon.vcxproj”在节点 2 上(Build 个目标)。
     1>ClCompile:
         D:\Visual Studio 2013\VC\bin\CL.exe /c /ZI /nologo /W3 /WX- /Od /Oy- /D WIN32 /D _DEBUG /D _WINDOWS /D _UNICODE /D UNICODE /Gm /EHsc /RTC1 /MDd /GS /fp:precise /Zc:wchar_t /Zc:forScope /Fo"Debug\\" /Fd"Debug\vc120.pdb" /Gd /TP /analyze- /errorReport:prompt SDL_EX.cpp game.cpp "main_move-test.cpp" move_hero.cpp
         main_move-test.cpp
     1>e:\工作文档\语言项目\gits\yeyin\invitation_of_crimson_moon\invitation_of_crimson_moon\game.h(20): warning C4091: “typedef ”: 没有声明变量时忽略“Game_Pth”的左侧
     1>e:\工作文档\语言项目\gits\yeyin\invitation_of_crimson_moon\invitation_of_crimson_moon\game.h(29): warning C4091: “typedef ”: 没有声明变量时忽略“Game_Field”的左侧
     1>e:\工作文档\语言项目\gits\yeyin\invitation_of_crimson_moon\invitation_of_crimson_moon\game.h(46): warning C4091: “typedef ”: 没有声明变量时忽略“Game_Field”的左侧
         game.cpp
     1>e:\工作文档\语言项目\gits\yeyin\invitation_of_crimson_moon\invitation_of_crimson_moon\game.h(20): warning C4091: “typedef ”: 没有声明变量时忽略“Game_Pth”的左侧
     1>e:\工作文档\语言项目\gits\yeyin\invitation_of_crimson_moon\invitation_of_crimson_moon\game.h(29): warning C4091: “typedef ”: 没有声明变量时忽略“Game_Field”的左侧
     1>e:\工作文档\语言项目\gits\yeyin\invitation_of_crimson_moon\invitation_of_crimson_moon\game.h(46): warning C4091: “typedef ”: 没有声明变量时忽略“Game_Field”的左侧
     1>e:\工作文档\语言项目\gits\yeyin\invitation_of_crimson_moon\invitation_of_crimson_moon\game.cpp(14): error C3861: “Init_Window”:  找不到标识符
     1>e:\工作文档\语言项目\gits\yeyin\invitation_of_crimson_moon\invitation_of_crimson_moon\game.cpp(16): error C3861: “LoadImage”:  找不到标识符
     1>e:\工作文档\语言项目\gits\yeyin\invitation_of_crimson_moon\invitation_of_crimson_moon\game.cpp(17): error C3861: “LoadImage”:  找不到标识符
     1>e:\工作文档\语言项目\gits\yeyin\invitation_of_crimson_moon\invitation_of_crimson_moon\game.cpp(22): error C3861: “Draw_TexPic”:  找不到标识符
     1>e:\工作文档\语言项目\gits\yeyin\invitation_of_crimson_moon\invitation_of_crimson_moon\game.cpp(23): error C3861: “Refresh_Window”:  找不到标识符
     1>e:\工作文档\语言项目\gits\yeyin\invitation_of_crimson_moon\invitation_of_crimson_moon\game.cpp(40): error C3861: “Draw_TexPic”:  找不到标识符
     1>e:\工作文档\语言项目\gits\yeyin\invitation_of_crimson_moon\invitation_of_crimson_moon\game.cpp(43): error C3861: “Draw_TexPic”:  找不到标识符
     1>e:\工作文档\语言项目\gits\yeyin\invitation_of_crimson_moon\invitation_of_crimson_moon\game.cpp(51): error C3861: “Draw_TexPic”:  找不到标识符
     1>e:\工作文档\语言项目\gits\yeyin\invitation_of_crimson_moon\invitation_of_crimson_moon\game.cpp(54): error C3861: “Refresh_Window”:  找不到标识符
         正在生成代码...
     1>e:\工作文档\语言项目\gits\yeyin\invitation_of_crimson_moon\invitation_of_crimson_moon\main_move-test.cpp(11): warning C4700: 使用了未初始化的局部变量“event”
         正在编译...
         move_hero.cpp
     1>e:\工作文档\语言项目\gits\yeyin\invitation_of_crimson_moon\invitation_of_crimson_moon\game.h(20): warning C4091: “typedef ”: 没有声明变量时忽略“Game_Pth”的左侧
     1>e:\工作文档\语言项目\gits\yeyin\invitation_of_crimson_moon\invitation_of_crimson_moon\game.h(29): warning C4091: “typedef ”: 没有声明变量时忽略“Game_Field”的左侧
     1>e:\工作文档\语言项目\gits\yeyin\invitation_of_crimson_moon\invitation_of_crimson_moon\game.h(46): warning C4091: “typedef ”: 没有声明变量时忽略“Game_Field”的左侧
         SDL_EX.cpp
         正在生成代码...
     1>已完成生成项目“E:\工作文档\语言项目\gits\yeyin\Invitation_of_Crimson_Moon\Invitation_of_Crimson_Moon\Invitation_of_Crimson_Moon.vcxproj”(Build 个目标)的操作 - 失败。

生成失败。

已用时间 00:00:03.65
